{"contracts/Election.sol":{"l":{"61":3,"62":3,"66":12,"67":1,"69":11,"78":2,"84":2,"97":5,"98":5,"99":5,"103":1,"104":1,"111":6,"114":6,"115":6,"119":3,"120":3,"124":3,"125":1,"127":2,"128":0,"129":0,"131":2,"132":1,"133":1,"139":1,"143":2,"147":0,"151":0,"159":1,"163":0,"169":1,"175":3},"path":"/home/prince/Desktop/e-voting-dapp/contract/contracts/Election.sol","s":{"1":12,"2":2,"3":5,"4":5,"5":6,"6":6,"7":3,"8":3,"9":2,"10":0,"11":2,"12":1,"13":2,"14":0,"15":0,"16":1,"17":0,"18":1,"19":3},"b":{"1":[1,11],"2":[2,0],"3":[5,1],"4":[1,0],"5":[3,0],"6":[3,0],"7":[1,2],"8":[0,2],"9":[1,1]},"f":{"1":3,"2":12,"3":2,"4":5,"5":1,"6":6,"7":3,"8":3,"9":1,"10":2,"11":0,"12":0,"13":1,"14":0,"15":1,"16":3},"fnMap":{"1":{"name":"constructor","line":60,"loc":{"start":{"line":60,"column":4},"end":{"line":63,"column":4}}},"2":{"name":"onlyAdmin","line":65,"loc":{"start":{"line":65,"column":4},"end":{"line":70,"column":4}}},"3":{"name":"setElectionDetails","line":77,"loc":{"start":{"line":72,"column":4},"end":{"line":90,"column":4}}},"4":{"name":"addCandidate","line":96,"loc":{"start":{"line":92,"column":4},"end":{"line":100,"column":4}}},"5":{"name":"initiateElection","line":102,"loc":{"start":{"line":102,"column":4},"end":{"line":105,"column":4}}},"6":{"name":"registerVoter","line":107,"loc":{"start":{"line":107,"column":4},"end":{"line":116,"column":4}}},"7":{"name":"verifyVoter","line":118,"loc":{"start":{"line":118,"column":4},"end":{"line":121,"column":4}}},"8":{"name":"Vote","line":123,"loc":{"start":{"line":123,"column":4},"end":{"line":134,"column":4}}},"9":{"name":"getAdmin","line":138,"loc":{"start":{"line":138,"column":4},"end":{"line":140,"column":4}}},"10":{"name":"getCandidateCount","line":142,"loc":{"start":{"line":142,"column":4},"end":{"line":144,"column":4}}},"11":{"name":"getStartTime","line":146,"loc":{"start":{"line":146,"column":4},"end":{"line":148,"column":4}}},"12":{"name":"getEndTime","line":150,"loc":{"start":{"line":150,"column":4},"end":{"line":152,"column":4}}},"13":{"name":"getElectionDetails","line":154,"loc":{"start":{"line":154,"column":4},"end":{"line":160,"column":4}}},"14":{"name":"getCandidate","line":162,"loc":{"start":{"line":162,"column":4},"end":{"line":164,"column":4}}},"15":{"name":"getCandidateDetails","line":166,"loc":{"start":{"line":166,"column":4},"end":{"line":170,"column":4}}},"16":{"name":"getVoterDetails","line":172,"loc":{"start":{"line":172,"column":4},"end":{"line":176,"column":4}}}},"statementMap":{"1":{"start":{"line":66,"column":8},"end":{"line":66,"column":1544}},"2":{"start":{"line":84,"column":8},"end":{"line":84,"column":2034}},"3":{"start":{"line":97,"column":8},"end":{"line":97,"column":64}},"4":{"start":{"line":99,"column":8},"end":{"line":99,"column":55}},"5":{"start":{"line":111,"column":8},"end":{"line":111,"column":2748}},"6":{"start":{"line":115,"column":8},"end":{"line":115,"column":59}},"7":{"start":{"line":119,"column":8},"end":{"line":119,"column":55}},"8":{"start":{"line":124,"column":8},"end":{"line":124,"column":3259}},"9":{"start":{"line":127,"column":8},"end":{"line":127,"column":3369}},"10":{"start":{"line":128,"column":12},"end":{"line":128,"column":52}},"11":{"start":{"line":131,"column":8},"end":{"line":131,"column":66}},"12":{"start":{"line":139,"column":8},"end":{"line":139,"column":22}},"13":{"start":{"line":143,"column":8},"end":{"line":143,"column":29}},"14":{"start":{"line":147,"column":8},"end":{"line":147,"column":20}},"15":{"start":{"line":151,"column":8},"end":{"line":151,"column":18}},"16":{"start":{"line":159,"column":8},"end":{"line":159,"column":30}},"17":{"start":{"line":163,"column":8},"end":{"line":163,"column":25}},"18":{"start":{"line":169,"column":8},"end":{"line":169,"column":39}},"19":{"start":{"line":175,"column":8},"end":{"line":175,"column":35}}},"branchMap":{"1":{"line":66,"type":"if","locations":[{"start":{"line":66,"column":8},"end":{"line":66,"column":8}},{"start":{"line":66,"column":8},"end":{"line":66,"column":8}}]},"2":{"line":77,"type":"if","locations":[{"start":{"line":77,"column":15},"end":{"line":77,"column":15}},{"start":{"line":77,"column":15},"end":{"line":77,"column":15}}]},"3":{"line":96,"type":"if","locations":[{"start":{"line":96,"column":15},"end":{"line":96,"column":15}},{"start":{"line":96,"column":15},"end":{"line":96,"column":15}}]},"4":{"line":102,"type":"if","locations":[{"start":{"line":102,"column":41},"end":{"line":102,"column":41}},{"start":{"line":102,"column":41},"end":{"line":102,"column":41}}]},"5":{"line":118,"type":"if","locations":[{"start":{"line":118,"column":69},"end":{"line":118,"column":69}},{"start":{"line":118,"column":69},"end":{"line":118,"column":69}}]},"6":{"line":119,"type":"if","locations":[{"start":{"line":119,"column":8},"end":{"line":119,"column":8}},{"start":{"line":119,"column":8},"end":{"line":119,"column":8}}]},"7":{"line":124,"type":"if","locations":[{"start":{"line":124,"column":8},"end":{"line":124,"column":8}},{"start":{"line":124,"column":8},"end":{"line":124,"column":8}}]},"8":{"line":127,"type":"if","locations":[{"start":{"line":127,"column":8},"end":{"line":127,"column":8}},{"start":{"line":127,"column":8},"end":{"line":127,"column":8}}]},"9":{"line":131,"type":"if","locations":[{"start":{"line":131,"column":8},"end":{"line":131,"column":8}},{"start":{"line":131,"column":8},"end":{"line":131,"column":8}}]}}}}